<?xml version="1.0" encoding="UTF-8"?>
<testng-results skipped="0" failed="0" total="1" passed="1">
  <reporter-output>
  </reporter-output>
  <suite name="Default suite" duration-ms="12028" started-at="2022-05-16T05:32:53Z" finished-at="2022-05-16T05:33:05Z">
    <groups>
    </groups>
    <test name="Default test" duration-ms="12028" started-at="2022-05-16T05:32:53Z" finished-at="2022-05-16T05:33:05Z">
      <class name="TestCases.ManageExpenseTestCase11">
        <test-method status="PASS" signature="beforeMethod()[pri:0, instance:TestCases.ManageExpenseTestCase11@5bcab519]" name="beforeMethod" is-config="true" duration-ms="5499" started-at="2022-05-16T11:02:53Z" finished-at="2022-05-16T11:02:59Z">
          <reporter-output>
          </reporter-output>
        </test-method> <!-- beforeMethod -->
        <test-method status="PASS" signature="verifyExpenseCatogaryTitleText()[pri:4, instance:TestCases.ManageExpenseTestCase11@5bcab519]" name="verifyExpenseCatogaryTitleText" duration-ms="6307" started-at="2022-05-16T11:02:59Z" finished-at="2022-05-16T11:03:05Z">
          <reporter-output>
          </reporter-output>
        </test-method> <!-- verifyExpenseCatogaryTitleText -->
        <test-method status="PASS" signature="afterMethod()[pri:0, instance:TestCases.ManageExpenseTestCase11@5bcab519]" name="afterMethod" is-config="true" duration-ms="189" started-at="2022-05-16T11:03:05Z" finished-at="2022-05-16T11:03:05Z">
          <reporter-output>
          </reporter-output>
        </test-method> <!-- afterMethod -->
      </class> <!-- TestCases.ManageExpenseTestCase11 -->
    </test> <!-- Default test -->
  </suite> <!-- Default suite -->
</testng-results>
